c:\users\simon\dropbox\github\adals-vikings\adalsvikings\adalsvikings\debug\vc120.pdb
c:\users\fredrik\documents\github\adals-vikings\adalsvikings\adalsvikings\debug\vc120.pdb
c:\users\administrator\dropbox\github\adals-vikings\adalsvikings\adalsvikings\debug\vc120.pdb
c:\users\administrator\dropbox\github\adals-vikings\adalsvikings\adalsvikings\debug\vc120.idb
c:\users\administrator\dropbox\github\adals-vikings\adalsvikings\adalsvikings\debug\game.obj
c:\users\administrator\dropbox\github\adals-vikings\adalsvikings\adalsvikings\debug\level.obj
c:\users\administrator\dropbox\github\adals-vikings\adalsvikings\adalsvikings\debug\levelmanager.obj
c:\users\administrator\dropbox\github\adals-vikings\adalsvikings\adalsvikings\debug\object.obj
c:\users\administrator\dropbox\github\adals-vikings\adalsvikings\adalsvikings\debug\resourcemanager.obj
c:\users\administrator\dropbox\github\adals-vikings\adalsvikings\adalsvikings\debug\testlevel.obj
c:\users\administrator\dropbox\github\adals-vikings\adalsvikings\adalsvikings\debug\main.obj
c:\users\simon\dropbox\github\adals-vikings\adalsvikings\debug\adalsvikings.ilk
c:\users\simon\dropbox\github\adals-vikings\adalsvikings\debug\adalsvikings.exe
c:\users\simon\dropbox\github\adals-vikings\adalsvikings\debug\adalsvikings.pdb
c:\users\fredrik\documents\github\adals-vikings\adalsvikings\debug\adalsvikings.ilk
c:\users\fredrik\documents\github\adals-vikings\adalsvikings\debug\adalsvikings.exe
c:\users\fredrik\documents\github\adals-vikings\adalsvikings\debug\adalsvikings.pdb
c:\users\administrator\dropbox\github\adals-vikings\adalsvikings\debug\adalsvikings.ilk
c:\users\administrator\dropbox\github\adals-vikings\adalsvikings\debug\adalsvikings.exe
c:\users\administrator\dropbox\github\adals-vikings\adalsvikings\debug\adalsvikings.pdb
c:\users\administrator\dropbox\github\adals-vikings\adalsvikings\adalsvikings\debug\adalsvikings.tlog\cl.command.1.tlog
c:\users\administrator\dropbox\github\adals-vikings\adalsvikings\adalsvikings\debug\adalsvikings.tlog\cl.read.1.tlog
c:\users\administrator\dropbox\github\adals-vikings\adalsvikings\adalsvikings\debug\adalsvikings.tlog\cl.write.1.tlog
c:\users\administrator\dropbox\github\adals-vikings\adalsvikings\adalsvikings\debug\adalsvikings.tlog\link.command.1.tlog
c:\users\administrator\dropbox\github\adals-vikings\adalsvikings\adalsvikings\debug\adalsvikings.tlog\link.read.1.tlog
c:\users\administrator\dropbox\github\adals-vikings\adalsvikings\adalsvikings\debug\adalsvikings.tlog\link.write.1.tlog
