Build started 2015-01-26 10:07:18.
     1>Project "C:\Users\Administrator\Dropbox\github\Adals-Vikings\AdalsVikings\AdalsVikings\AdalsVikings.vcxproj" on node 2 (Rebuild target(s)).
     1>ClCompile:
         C:\Program Files\Microsoft Visual Studio 12.0\VC\bin\CL.exe /c /Iinclude /ZI /nologo /W3 /WX- /sdl /Od /Oy- /D WIN32 /D _DEBUG /D _CONSOLE /D _LIB /D _UNICODE /D UNICODE /Gm /EHsc /RTC1 /MDd /GS /fp:precise /Zc:wchar_t /Zc:forScope /Fo"Debug\\" /Fd"Debug\vc120.pdb" /Gd /TP /analyze- /errorReport:prompt Game.cpp Level.cpp LevelManager.cpp Object.cpp ResourceManager.cpp TestLevel.cpp
         TestLevel.cpp
         ResourceManager.cpp
         Object.cpp
         LevelManager.cpp
         Level.cpp
         Game.cpp
         Generating Code...
         C:\Program Files\Microsoft Visual Studio 12.0\VC\bin\CL.exe /c /IC:\Users\Mans\Dropbox\Spelprojekt1\AdalsVikings\AdalsVikings\include /Iinclude /ZI /nologo /W3 /WX- /sdl /Od /Oy- /D WIN32 /D _DEBUG /D _CONSOLE /D _LIB /D _UNICODE /D UNICODE /Gm /EHsc /RTC1 /MDd /GS /fp:precise /Zc:wchar_t /Zc:forScope /Fo"Debug\\" /Fd"Debug\vc120.pdb" /Gd /TP /analyze- /errorReport:prompt main.cpp
         main.cpp
       Link:
         C:\Program Files\Microsoft Visual Studio 12.0\VC\bin\link.exe /ERRORREPORT:PROMPT /OUT:"C:\Users\Administrator\Dropbox\github\Adals-Vikings\AdalsVikings\Debug\AdalsVikings.exe" /INCREMENTAL /NOLOGO "sfml-graphics-d.lib" "sfml-window-d.lib" "sfml-system-d.lib" "sfml-audio-d.lib" kernel32.lib user32.lib gdi32.lib winspool.lib comdlg32.lib advapi32.lib shell32.lib ole32.lib oleaut32.lib uuid.lib odbc32.lib odbccp32.lib /MANIFEST /MANIFESTUAC:"level='asInvoker' uiAccess='false'" /manifest:embed /DEBUG /PDB:"C:\Users\Administrator\Dropbox\github\Adals-Vikings\AdalsVikings\Debug\AdalsVikings.pdb" /SUBSYSTEM:CONSOLE /TLBID:1 /DYNAMICBASE /NXCOMPAT /IMPLIB:"C:\Users\Administrator\Dropbox\github\Adals-Vikings\AdalsVikings\Debug\AdalsVikings.lib" /MACHINE:X86 Debug\Game.obj
         Debug\Level.obj
         Debug\LevelManager.obj
         Debug\main.obj
         Debug\Object.obj
         Debug\ResourceManager.obj
         Debug\TestLevel.obj
         AdalsVikings.vcxproj -> C:\Users\Administrator\Dropbox\github\Adals-Vikings\AdalsVikings\Debug\AdalsVikings.exe
     1>Done Building Project "C:\Users\Administrator\Dropbox\github\Adals-Vikings\AdalsVikings\AdalsVikings\AdalsVikings.vcxproj" (Rebuild target(s)).

Build succeeded.

Time Elapsed 00:00:08.05
